<?xml version="1.0" encoding="UTF-8"?>
<!-- Generated by org.testng.reporters.JUnitReportReporter -->
<testsuite hostname="LAPTOP-L9PNFTFA" failures="0" tests="1" name="Test.com.TestClass" time="59.596" errors="0" timestamp="2022-09-04T11:50:04 IST" skipped="0">
  <testcase classname="Test.com.TestClass" name="Login" time="59.596"/>
  <system-out/>
</testsuite> <!-- Test.com.TestClass -->
