<?xml version="1.0" encoding="UTF-8"?>
<!-- Generated by org.testng.reporters.JUnitReportReporter -->
<testsuite hostname="LAPTOP-L9PNFTFA" failures="0" tests="3" name="Test.com.TestCaseGroupes" time="0.041" errors="0" timestamp="2022-08-22T18:59:02 IST" skipped="0">
  <testcase classname="Test.com.TestCaseGroupes" name="TC3" time="0.003"/>
  <system-out/>
  <testcase classname="Test.com.TestCaseGroupes" name="TC2" time="0.002"/>
  <system-out/>
  <testcase classname="Test.com.TestCaseGroupes" name="TC1" time="0.036"/>
  <system-out/>
</testsuite> <!-- Test.com.TestCaseGroupes -->
