<?xml version="1.0" encoding="UTF-8"?>
<!-- Generated by org.testng.reporters.JUnitReportReporter -->
<testsuite hostname="LAPTOP-L9PNFTFA" failures="0" tests="2" name="Test.com.testClass1" time="161.469" errors="0" timestamp="2022-09-02T14:19:58 IST" skipped="0">
  <testcase classname="Test.com.testClass1" name="Setup" time="49.826"/>
  <system-out/>
  <testcase classname="Test.com.testClass1" name="login" time="111.643"/>
  <system-out/>
</testsuite> <!-- Test.com.testClass1 -->
